<?xml version="1.0" encoding="UTF-8"?>
<!-- Generated by org.testng.reporters.JUnitReportReporter -->
<testsuite hostname="LAPTOP-RG2DJRNT" failures="0" tests="1" name="com.test.basics.Practise" time="0.077" errors="0" timestamp="2025-03-21T12:22:21 IST" skipped="0">
  <testcase classname="com.test.basics.Practise" name="testingAssertions" time="0.077"/>
</testsuite> <!-- com.test.basics.Practise -->
