<?xml version="1.0" encoding="UTF-8"?>
<!-- Generated by org.testng.reporters.JUnitReportReporter -->
<testsuite hostname="LAPTOP-RG2DJRNT" failures="0" tests="1" name="com.tests.DashboardTest" time="2.779" errors="0" timestamp="2025-03-24T15:21:01 IST" skipped="0">
  <testcase classname="com.tests.DashboardTest" name="DashboardTest" time="2.779"/>
</testsuite> <!-- com.tests.DashboardTest -->
