<?xml version="1.0" encoding="UTF-8"?>
<!-- Generated by org.testng.reporters.JUnitReportReporter -->
<testsuite hostname="LAPTOP-RG2DJRNT" failures="0" tests="3" name="com.test.basics.DataProvider_Demo" time="57.253" errors="0" timestamp="2025-03-25T16:28:10 IST" skipped="0">
  <testcase classname="com.test.basics.DataProvider_Demo" name="search" time="17.628"/>
  <testcase classname="com.test.basics.DataProvider_Demo" name="search" time="17.939"/>
  <testcase classname="com.test.basics.DataProvider_Demo" name="search" time="21.686"/>
</testsuite> <!-- com.test.basics.DataProvider_Demo -->
