<?xml version="1.0" encoding="UTF-8"?>
<!-- Generated by org.testng.reporters.JUnitReportReporter -->
<testsuite hostname="LAPTOP-RG2DJRNT" failures="0" tests="2" name="com.test.basics.GroupsDemo" time="0.034" errors="0" timestamp="2025-03-21T14:35:00 IST" skipped="0">
  <testcase classname="com.test.basics.GroupsDemo" name="f2" time="0.017"/>
  <testcase classname="com.test.basics.GroupsDemo" name="f1" time="0.017"/>
</testsuite> <!-- com.test.basics.GroupsDemo -->
