<?xml version="1.0" encoding="UTF-8"?>
<!-- Generated by org.testng.reporters.JUnitReportReporter -->
<testsuite hostname="LAPTOP-RG2DJRNT" failures="0" tests="2" name="com.test.basics.tutorialsNinjas" time="0.785" errors="0" timestamp="2025-03-21T12:49:43 IST" skipped="1">
  <testcase classname="com.test.basics.tutorialsNinjas" name="navigate" time="0.785"/>
  <testcase classname="com.test.basics.tutorialsNinjas" name="verify">
    <skipped/>
  </testcase> <!-- verify -->
</testsuite> <!-- com.test.basics.tutorialsNinjas -->
