<?xml version="1.0" encoding="UTF-8"?>
<!-- Generated by org.testng.reporters.JUnitReportReporter -->
<testsuite hostname="LAPTOP-RG2DJRNT" failures="0" tests="2" name="com.test.basics.Sample" time="0.037" errors="0" timestamp="2025-03-21T11:06:31 IST" skipped="0">
  <testcase classname="com.test.basics.Sample" name="f" time="0.026"/>
  <testcase classname="com.test.basics.Sample" name="s" time="0.011"/>
</testsuite> <!-- com.test.basics.Sample -->
