<?xml version="1.0" encoding="UTF-8"?>
<!-- Generated by org.testng.reporters.JUnitReportReporter -->
<testsuite hostname="LAPTOP-RG2DJRNT" failures="0" tests="4" name="com.test.basics.DemoOrangeHRM" time="53.225" errors="0" timestamp="2025-03-24T11:18:10 IST" skipped="0">
  <testcase classname="com.test.basics.DemoOrangeHRM" name="login" time="8.219"/>
  <testcase classname="com.test.basics.DemoOrangeHRM" name="verify" time="23.211"/>
  <testcase classname="com.test.basics.DemoOrangeHRM" name="verify" time="11.063"/>
  <testcase classname="com.test.basics.DemoOrangeHRM" name="login" time="10.732"/>
</testsuite> <!-- com.test.basics.DemoOrangeHRM -->
