<?xml version="1.0" encoding="UTF-8"?>
<!-- Generated by org.testng.reporters.JUnitReportReporter -->
<testsuite hostname="LAPTOP-RG2DJRNT" failures="0" tests="3" name="com.test.basics.DataProvider_Excel" time="28.566" errors="0" timestamp="2025-03-25T16:24:55 IST" skipped="0">
  <testcase classname="com.test.basics.DataProvider_Excel" name="search" time="9.973"/>
  <testcase classname="com.test.basics.DataProvider_Excel" name="search" time="8.153"/>
  <testcase classname="com.test.basics.DataProvider_Excel" name="search" time="10.440"/>
</testsuite> <!-- com.test.basics.DataProvider_Excel -->
