<?xml version="1.0" encoding="UTF-8"?>
<!-- Generated by org.testng.reporters.JUnitReportReporter -->
<testsuite hostname="LAPTOP-RG2DJRNT" failures="0" tests="4" name="com.test.basics.DependsOnMethod" time="7.740" errors="0" timestamp="2025-03-21T13:09:01 IST" skipped="0">
  <testcase classname="com.test.basics.DependsOnMethod" name="f" time="5.109"/>
  <testcase classname="com.test.basics.DependsOnMethod" name="f1" time="0.494"/>
  <testcase classname="com.test.basics.DependsOnMethod" name="f2" time="1.859"/>
  <testcase classname="com.test.basics.DependsOnMethod" name="f3" time="0.278"/>
</testsuite> <!-- com.test.basics.DependsOnMethod -->
