<?xml version="1.0" encoding="UTF-8"?>
<!-- Generated by org.testng.reporters.JUnitReportReporter -->
<testsuite hostname="LAPTOP-RG2DJRNT" failures="0" tests="2" name="com.test.basics.tutorialsNinjas" time="1.256" errors="0" timestamp="2025-03-21T10:57:38 IST" skipped="0">
  <testcase classname="com.test.basics.tutorialsNinjas" name="navigate" time="0.744"/>
  <testcase classname="com.test.basics.tutorialsNinjas" name="verify" time="0.512"/>
</testsuite> <!-- com.test.basics.tutorialsNinjas -->
