<?xml version="1.0" encoding="UTF-8"?>
<!-- Generated by org.testng.reporters.JUnitReportReporter -->
<testsuite hostname="LAPTOP-RG2DJRNT" failures="0" tests="4" name="com.test.basics.DemoOrangeHRM" time="9.769" errors="0" timestamp="2025-03-21T16:38:36 IST" skipped="0">
  <testcase classname="com.test.basics.DemoOrangeHRM" name="verify" time="3.488"/>
  <testcase classname="com.test.basics.DemoOrangeHRM" name="login" time="3.209"/>
  <testcase classname="com.test.basics.DemoOrangeHRM" name="login" time="1.084"/>
  <testcase classname="com.test.basics.DemoOrangeHRM" name="verify" time="1.988"/>
</testsuite> <!-- com.test.basics.DemoOrangeHRM -->
