<?xml version="1.0" encoding="UTF-8"?>
<!-- Generated by org.testng.reporters.JUnitReportReporter -->
<testsuite hostname="LAPTOP-RG2DJRNT" failures="0" tests="1" name="com.test.basics.Demo1" time="196.914" errors="0" timestamp="2025-03-20T15:21:23 IST" skipped="0">
  <testcase classname="com.test.basics.Demo1" name="f" time="196.914"/>
</testsuite> <!-- com.test.basics.Demo1 -->
