<?xml version="1.0" encoding="UTF-8"?>
<!-- Generated by org.testng.reporters.JUnitReportReporter -->
<testsuite hostname="LAPTOP-RG2DJRNT" failures="0" tests="4" name="com.test.basics.DataProvider_Excel" time="39.371" errors="0" timestamp="2025-03-25T16:42:44 IST" skipped="0">
  <testcase classname="com.test.basics.DataProvider_Excel" name="search" time="10.219"/>
  <testcase classname="com.test.basics.DataProvider_Excel" name="search" time="8.891"/>
  <testcase classname="com.test.basics.DataProvider_Excel" name="search" time="9.963"/>
  <testcase classname="com.test.basics.DataProvider_Excel" name="search" time="10.298"/>
</testsuite> <!-- com.test.basics.DataProvider_Excel -->
