<?xml version="1.0" encoding="UTF-8"?>
<!-- Generated by org.testng.reporters.JUnitReportReporter -->
<testsuite hostname="LAPTOP-RG2DJRNT" failures="0" tests="3" name="com.test.basics.DataProvider_Demo" time="63.533" errors="0" timestamp="2025-03-25T18:40:51 IST" skipped="0">
  <testcase classname="com.test.basics.DataProvider_Demo" name="search" time="20.965"/>
  <testcase classname="com.test.basics.DataProvider_Demo" name="search" time="19.779"/>
  <testcase classname="com.test.basics.DataProvider_Demo" name="search" time="22.789"/>
</testsuite> <!-- com.test.basics.DataProvider_Demo -->
