<?xml version="1.0" encoding="UTF-8"?>
<!-- Generated by org.testng.reporters.JUnitReportReporter -->
<testsuite hostname="LAPTOP-RG2DJRNT" failures="0" tests="3" name="com.test.basics.DataProvider_Demo" time="52.932" errors="0" timestamp="2025-03-25T18:47:31 IST" skipped="0">
  <testcase classname="com.test.basics.DataProvider_Demo" name="search" time="19.586"/>
  <testcase classname="com.test.basics.DataProvider_Demo" name="search" time="18.791"/>
  <testcase classname="com.test.basics.DataProvider_Demo" name="search" time="14.555"/>
</testsuite> <!-- com.test.basics.DataProvider_Demo -->
