<?xml version="1.0" encoding="UTF-8"?>
<!-- Generated by org.testng.reporters.JUnitReportReporter -->
<testsuite hostname="LAPTOP-RG2DJRNT" failures="0" tests="5" name="com.test.basics.Priority" time="0.024" errors="0" timestamp="2025-03-21T12:45:58 IST" skipped="2">
  <testcase classname="com.test.basics.Priority" name="i" time="0.003"/>
  <testcase classname="com.test.basics.Priority" name="a" time="0.017"/>
  <testcase classname="com.test.basics.Priority" name="z" time="0.004"/>
  <testcase classname="com.test.basics.Priority" name="h">
    <skipped/>
  </testcase> <!-- h -->
  <testcase classname="com.test.basics.Priority" name="x">
    <skipped/>
  </testcase> <!-- x -->
</testsuite> <!-- com.test.basics.Priority -->
