<?xml version="1.0" encoding="UTF-8"?>
<!-- Generated by org.testng.reporters.JUnitReportReporter -->
<testsuite hostname="LAPTOP-RG2DJRNT" failures="0" tests="1" name="com.test.basics.Demo_Test" time="0.031" errors="0" timestamp="2025-03-21T11:06:31 IST" skipped="0">
  <testcase classname="com.test.basics.Demo_Test" name="verifyTitle" time="0.031"/>
</testsuite> <!-- com.test.basics.Demo_Test -->
