<?xml version="1.0" encoding="UTF-8"?>
<!-- Generated by org.testng.reporters.JUnitReportReporter -->
<testsuite hostname="LAPTOP-RG2DJRNT" failures="0" tests="1" name="com.test.basics.Practise" time="0.013" errors="0" timestamp="2025-03-20T16:11:12 IST" skipped="0">
  <testcase classname="com.test.basics.Practise" name="testingAssertions" time="0.013"/>
</testsuite> <!-- com.test.basics.Practise -->
