<?xml version="1.0" encoding="UTF-8"?>
<!-- Generated by org.testng.reporters.JUnitReportReporter -->
<testsuite hostname="LAPTOP-RG2DJRNT" failures="0" tests="1" name="com.tests.LoginTest" time="1.171" errors="0" timestamp="2025-03-24T15:21:01 IST" skipped="0">
  <testcase classname="com.tests.LoginTest" name="loginTest" time="1.171"/>
</testsuite> <!-- com.tests.LoginTest -->
